Using pre-set license
Built from '2020.3/staging' branch; Version is '2020.3.19f1 (68f137dc9bbe) revision 6877495'; Using compiler version '192528614'; Build Type 'Release'
OS: 'Windows 7  (6.1.0) 64bit' Language: 'ko' Physical Memory: 8154 MB
BatchMode: 1, IsHumanControllingUs: 0, StartBugReporterOnCrash: 0, Is64bit: 1, IsPro: 0

COMMAND LINE ARGUMENTS:
C:\Program Files\Unity\Hub\Editor\2020.3.19f1\Editor\Unity.exe
-adb2
-batchMode
-noUpm
-name
AssetImportWorker0
-projectPath
C:/Unity_Project/ForestHeim
-logFile
Logs/AssetImportWorker0.log
-srvPort
10096
Successfully changed project path to: C:/Unity_Project/ForestHeim
C:/Unity_Project/ForestHeim
Using Asset Import Pipeline V2.
Refreshing native plugins compatible for Editor in 56.92 ms, found 2 plugins.
Preloading 0 native plugins for Editor in 0.00 ms.
Initialize engine version: 2020.3.19f1 (68f137dc9bbe)
[Subsystems] Discovering subsystems at path C:/Program Files/Unity/Hub/Editor/2020.3.19f1/Editor/Data/Resources/UnitySubsystems
[Subsystems] Discovering subsystems at path C:/Unity_Project/ForestHeim/Assets
GfxDevice: creating device client; threaded=0
d3d11: CreateDXGIFactory2(...) not found, fallbacking to CreateDXGIFactory1(...).
d3d11: QueryInterface(IDXGIFactory5) failed (80004002).
Direct3D:
    Version:  Direct3D 11.0 [level 11.0]
    Renderer: NVIDIA GeForce GTX 1060 3GB (ID=0x1c02)
    Vendor:   
    VRAM:     2986 MB
    Driver:   21.21.13.7877
Initialize mono
Mono path[0] = 'C:/Program Files/Unity/Hub/Editor/2020.3.19f1/Editor/Data/Managed'
Mono path[1] = 'C:/Program Files/Unity/Hub/Editor/2020.3.19f1/Editor/Data/MonoBleedingEdge/lib/mono/unityjit'
Mono config path = 'C:/Program Files/Unity/Hub/Editor/2020.3.19f1/Editor/Data/MonoBleedingEdge/etc'
Using monoOptions --debugger-agent=transport=dt_socket,embedding=1,server=y,suspend=n,address=127.0.0.1:56472
Begin MonoManager ReloadAssembly
Registering precompiled unity dll's ...
Register platform support module: C:/Program Files/Unity/Hub/Editor/2020.3.19f1/Editor/Data/PlaybackEngines/WindowsStandaloneSupport/UnityEditor.WindowsStandalone.Extensions.dll
Registered in 0.003969 seconds.
Native extension for WindowsStandalone target not found
Refreshing native plugins compatible for Editor in 54.29 ms, found 2 plugins.
Preloading 0 native plugins for Editor in 0.00 ms.
Mono: successfully reloaded assembly
- Completed reload, in  3.557 seconds
Domain Reload Profiling:
	ReloadAssembly (3558ms)
		BeginReloadAssembly (63ms)
			ExecutionOrderSort (0ms)
			DisableScriptedObjects (0ms)
			BackupInstance (0ms)
			ReleaseScriptingObjects (0ms)
			CreateAndSetChildDomain (1ms)
		EndReloadAssembly (441ms)
			LoadAssemblies (61ms)
			RebuildTransferFunctionScriptingTraits (0ms)
			SetupTypeCache (147ms)
			ReleaseScriptCaches (0ms)
			RebuildScriptCaches (29ms)
			SetupLoadedEditorAssemblies (181ms)
				LogAssemblyErrors (0ms)
				InitializePlatformSupportModulesInManaged (4ms)
				SetLoadedEditorAssemblies (0ms)
				RefreshPlugins (54ms)
				BeforeProcessingInitializeOnLoad (19ms)
				ProcessInitializeOnLoadAttributes (75ms)
				ProcessInitializeOnLoadMethodAttributes (28ms)
				AfterProcessingInitializeOnLoad (0ms)
				EditorAssembliesLoaded (0ms)
			ExecutionOrderSort2 (0ms)
			AwakeInstancesAfterBackupRestoration (0ms)
Platform modules already initialized, skipping
Registering precompiled user dll's ...
Registered in 0.038033 seconds.
Begin MonoManager ReloadAssembly
Native extension for WindowsStandalone target not found
Refreshing native plugins compatible for Editor in 53.25 ms, found 2 plugins.
Preloading 0 native plugins for Editor in 0.00 ms.
Mono: successfully reloaded assembly
- Completed reload, in  1.237 seconds
Domain Reload Profiling:
	ReloadAssembly (1238ms)
		BeginReloadAssembly (167ms)
			ExecutionOrderSort (0ms)
			DisableScriptedObjects (10ms)
			BackupInstance (0ms)
			ReleaseScriptingObjects (0ms)
			CreateAndSetChildDomain (14ms)
		EndReloadAssembly (1008ms)
			LoadAssemblies (171ms)
			RebuildTransferFunctionScriptingTraits (0ms)
			SetupTypeCache (321ms)
			ReleaseScriptCaches (1ms)
			RebuildScriptCaches (48ms)
			SetupLoadedEditorAssemblies (352ms)
				LogAssemblyErrors (0ms)
				InitializePlatformSupportModulesInManaged (4ms)
				SetLoadedEditorAssemblies (0ms)
				RefreshPlugins (53ms)
				BeforeProcessingInitializeOnLoad (84ms)
				ProcessInitializeOnLoadAttributes (198ms)
				ProcessInitializeOnLoadMethodAttributes (4ms)
				AfterProcessingInitializeOnLoad (7ms)
				EditorAssembliesLoaded (0ms)
			ExecutionOrderSort2 (0ms)
			AwakeInstancesAfterBackupRestoration (7ms)
Platform modules already initialized, skipping
========================================================================
Worker process is ready to serve import requests
Launched and connected shader compiler UnityShaderCompiler.exe after 0.04 seconds
Refreshing native plugins compatible for Editor in 0.60 ms, found 2 plugins.
Preloading 0 native plugins for Editor in 0.00 ms.
Unloading 2735 Unused Serialized files (Serialized files now loaded: 0)
System memory in use before: 125.9 MB.
System memory in use after: 126.1 MB.

Unloading 20 unused Assets to reduce memory usage. Loaded Objects now: 3170.
Total: 4.410084 ms (FindLiveObjects: 0.298352 ms CreateObjectMapping: 0.158340 ms MarkObjects: 3.839520 ms  DeleteObjects: 0.112370 ms)

AssetImportParameters requested are different than current active one (requested -> active):
  custom:framework-win-MediaFoundation: 216162199b28c13a410421893ffa2e32 -> 
  custom:video-decoder-ogg-theora: a1e56fd34408186e4bbccfd4996cb3dc -> 
  custom:container-muxer-webm: aa71ff27fc2769a1b78a27578f13a17b -> 
  custom:container-demuxer-webm: 4f35f7cbe854078d1ac9338744f61a02 -> 
  custom:container-demuxer-ogg: 62fdf1f143b41e24485cea50d1cbac27 -> 
  custom:video-encoder-webm-vp8: eb34c28f22e8b96e1ab97ce403110664 -> 
  custom:video-decoder-webm-vp8: 9c59270c3fd7afecdb556c50c9e8de78 -> 
  custom:audio-decoder-ogg-vorbis: bf7c407c2cedff20999df2af8eb42d56 -> 
  custom:audio-encoder-webm-vorbis: bf7c407c2cedff20999df2af8eb42d56 -> 
========================================================================
Received Import Request.
  path: Assets/Resource/LJH
  artifactKey: Guid(b15c10649a3183f4694e91038a703eaa) Importer(815301076,1909f56bfc062723c751e8b465ee728b)
Start importing Assets/Resource/LJH using Guid(b15c10649a3183f4694e91038a703eaa) Importer(815301076,1909f56bfc062723c751e8b465ee728b)  -> (artifact id: '570a4be98fc8f10dc64ede89454fbdf4') in 0.007060 seconds 
  Import took 0.012716 seconds .

========================================================================
Received Import Request.
  Time since last request: 1.286549 seconds.
  path: Assets/Resource/LJH/block.FBX
  artifactKey: Guid(903ad6da5dfb7af4ea118c07e1de320c) Importer(815301076,1909f56bfc062723c751e8b465ee728b)
Start importing Assets/Resource/LJH/block.FBX using Guid(903ad6da5dfb7af4ea118c07e1de320c) Importer(815301076,1909f56bfc062723c751e8b465ee728b)  -> (artifact id: '54aa44c8c9109f3fc164048a04abe744') in 0.516845 seconds 
  Import took 0.523540 seconds .

========================================================================
Received Import Request.
  Time since last request: 37.621940 seconds.
  path: Assets/Resource/LJH/KakaoTalk_20211003_191358955.png
  artifactKey: Guid(dcb9aeb2aee267744abdde126a509364) Importer(815301076,1909f56bfc062723c751e8b465ee728b)
Start importing Assets/Resource/LJH/KakaoTalk_20211003_191358955.png using Guid(dcb9aeb2aee267744abdde126a509364) Importer(815301076,1909f56bfc062723c751e8b465ee728b)  -> (artifact id: '7ae0a6acad5a451843c025aef5ff3e43') in 0.019035 seconds 
  Import took 0.024572 seconds .

========================================================================
Received Import Request.
  Time since last request: 4.080816 seconds.
  path: Assets/Resource/LJH/KakaoTalk_20211003_191358955_01.png
  artifactKey: Guid(aa1d00c83f4c7174b9cc1402f9a78283) Importer(815301076,1909f56bfc062723c751e8b465ee728b)
Start importing Assets/Resource/LJH/KakaoTalk_20211003_191358955_01.png using Guid(aa1d00c83f4c7174b9cc1402f9a78283) Importer(815301076,1909f56bfc062723c751e8b465ee728b)  -> (artifact id: '1d0dddeac536c1015a8e4ebfcae03df3') in 0.012372 seconds 
  Import took 0.018596 seconds .

========================================================================
Received Import Request.
  Time since last request: 0.385042 seconds.
  path: Assets/Resource/LJH/KakaoTalk_20211003_191358955_02.png
  artifactKey: Guid(c334733e09815134c9d0c21a623357c5) Importer(815301076,1909f56bfc062723c751e8b465ee728b)
Start importing Assets/Resource/LJH/KakaoTalk_20211003_191358955_02.png using Guid(c334733e09815134c9d0c21a623357c5) Importer(815301076,1909f56bfc062723c751e8b465ee728b)  -> (artifact id: '34fccb20987bf910ccf04728e74315fe') in 0.012316 seconds 
  Import took 0.019637 seconds .

========================================================================
Received Import Request.
  Time since last request: 0.152901 seconds.
  path: Assets/Resource/LJH/KakaoTalk_20211003_191358955_03.png
  artifactKey: Guid(a98e945a230d0c342a47f84df5aa8684) Importer(815301076,1909f56bfc062723c751e8b465ee728b)
Start importing Assets/Resource/LJH/KakaoTalk_20211003_191358955_03.png using Guid(a98e945a230d0c342a47f84df5aa8684) Importer(815301076,1909f56bfc062723c751e8b465ee728b)  -> (artifact id: '32f2f8f774c22e8bbfcebcad93d76c5e') in 0.010106 seconds 
  Import took 0.016251 seconds .

========================================================================
Received Import Request.
  Time since last request: 0.391687 seconds.
  path: Assets/Resource/LJH/KakaoTalk_20211003_191358955_04.png
  artifactKey: Guid(5c56f94ecba184a44a0207a052077400) Importer(815301076,1909f56bfc062723c751e8b465ee728b)
Start importing Assets/Resource/LJH/KakaoTalk_20211003_191358955_04.png using Guid(5c56f94ecba184a44a0207a052077400) Importer(815301076,1909f56bfc062723c751e8b465ee728b)  -> (artifact id: '5d62c00a3cbc15a9bb44cf19adc083b4') in 0.009317 seconds 
  Import took 0.014699 seconds .

========================================================================
Received Import Request.
  Time since last request: 0.408536 seconds.
  path: Assets/Resource/LJH/KakaoTalk_20211003_191358955_05.png
  artifactKey: Guid(c1c102ded79d44e4b9b3b11672cf8c40) Importer(815301076,1909f56bfc062723c751e8b465ee728b)
Start importing Assets/Resource/LJH/KakaoTalk_20211003_191358955_05.png using Guid(c1c102ded79d44e4b9b3b11672cf8c40) Importer(815301076,1909f56bfc062723c751e8b465ee728b)  -> (artifact id: '28b179c891f0a8a9b9bd3e073e5bbfd7') in 0.011971 seconds 
  Import took 0.019849 seconds .

========================================================================
Received Import Request.
  Time since last request: 76.382100 seconds.
  path: Assets/Resource/Material
  artifactKey: Guid(b91d60f80f22d7f488bf4cbf4f638dc9) Importer(815301076,1909f56bfc062723c751e8b465ee728b)
Start importing Assets/Resource/Material using Guid(b91d60f80f22d7f488bf4cbf4f638dc9) Importer(815301076,1909f56bfc062723c751e8b465ee728b)  -> (artifact id: '4dd5024d0d91af43018c4b5ddd35f658') in 0.003107 seconds 
  Import took 0.011906 seconds .

========================================================================
Received Import Request.
  Time since last request: 249.996087 seconds.
  path: Assets/Resource/LJH/GRASS_D.png
  artifactKey: Guid(b024d9c9d9f6be841a0a28bcc1f307cb) Importer(815301076,1909f56bfc062723c751e8b465ee728b)
Start importing Assets/Resource/LJH/GRASS_D.png using Guid(b024d9c9d9f6be841a0a28bcc1f307cb) Importer(815301076,1909f56bfc062723c751e8b465ee728b)  -> (artifact id: '291313e449ae815de55f206e1d5eb04b') in 0.009827 seconds 
  Import took 0.014550 seconds .

========================================================================
Received Import Request.
  Time since last request: 0.447377 seconds.
  path: Assets/Resource/LJH/GRASS_N.png
  artifactKey: Guid(144fb9d8145a83248a2ac6d036e9fc7b) Importer(815301076,1909f56bfc062723c751e8b465ee728b)
Start importing Assets/Resource/LJH/GRASS_N.png using Guid(144fb9d8145a83248a2ac6d036e9fc7b) Importer(815301076,1909f56bfc062723c751e8b465ee728b)  -> (artifact id: '452aeb15cbaa48ffb64bfcb0970b468d') in 0.012640 seconds 
  Import took 0.020096 seconds .

========================================================================
Received Import Request.
  Time since last request: 2.443023 seconds.
  path: Assets/Resource/LJH/GRASS_N.png
  artifactKey: Guid(144fb9d8145a83248a2ac6d036e9fc7b) Importer(815301076,1909f56bfc062723c751e8b465ee728b)
Start importing Assets/Resource/LJH/GRASS_N.png using Guid(144fb9d8145a83248a2ac6d036e9fc7b) Importer(815301076,1909f56bfc062723c751e8b465ee728b)  -> (artifact id: 'c4c64b191b77dfd15aaea8d158b8ac76') in 0.027258 seconds 
  Import took 0.033646 seconds .

========================================================================
Received Import Request.
  Time since last request: 0.491324 seconds.
  path: Assets/Resource/LJH/GRASS_G.png
  artifactKey: Guid(7d68754c00c54f7478bf58976643d2d4) Importer(815301076,1909f56bfc062723c751e8b465ee728b)
Start importing Assets/Resource/LJH/GRASS_G.png using Guid(7d68754c00c54f7478bf58976643d2d4) Importer(815301076,1909f56bfc062723c751e8b465ee728b)  -> (artifact id: '7504be796c5395c4dd3a2632601fd6a8') in 0.013469 seconds 
  Import took 0.020182 seconds .

========================================================================
Received Import Request.
  Time since last request: 0.508945 seconds.
  path: Assets/Resource/LJH/GRASS_D.png
  artifactKey: Guid(b024d9c9d9f6be841a0a28bcc1f307cb) Importer(815301076,1909f56bfc062723c751e8b465ee728b)
Start importing Assets/Resource/LJH/GRASS_D.png using Guid(b024d9c9d9f6be841a0a28bcc1f307cb) Importer(815301076,1909f56bfc062723c751e8b465ee728b)  -> (artifact id: '459f7bf9fde47a6e1c2b21da910be4cc') in 0.022135 seconds 
  Import took 0.029854 seconds .

========================================================================
Received Import Request.
  Time since last request: 31.664981 seconds.
  path: Assets/Resource/LJH/GRASS_N.png
  artifactKey: Guid(144fb9d8145a83248a2ac6d036e9fc7b) Importer(815301076,1909f56bfc062723c751e8b465ee728b)
Start importing Assets/Resource/LJH/GRASS_N.png using Guid(144fb9d8145a83248a2ac6d036e9fc7b) Importer(815301076,1909f56bfc062723c751e8b465ee728b)  -> (artifact id: '738470523eba2a781f83595a9bce5a2f') in 0.009802 seconds 
  Import took 0.015594 seconds .

========================================================================
Received Import Request.
  Time since last request: 2.716027 seconds.
  path: Assets/Resource/LJH/GRASS_D.png
  artifactKey: Guid(b024d9c9d9f6be841a0a28bcc1f307cb) Importer(815301076,1909f56bfc062723c751e8b465ee728b)
Start importing Assets/Resource/LJH/GRASS_D.png using Guid(b024d9c9d9f6be841a0a28bcc1f307cb) Importer(815301076,1909f56bfc062723c751e8b465ee728b)  -> (artifact id: 'bdca7fce212b77634c26865ff8d9ac9a') in 0.013938 seconds 
  Import took 0.021730 seconds .

========================================================================
Received Import Request.
  Time since last request: 1.819783 seconds.
  path: Assets/Resource/LJH/GRASS_G.png
  artifactKey: Guid(7d68754c00c54f7478bf58976643d2d4) Importer(815301076,1909f56bfc062723c751e8b465ee728b)
Start importing Assets/Resource/LJH/GRASS_G.png using Guid(7d68754c00c54f7478bf58976643d2d4) Importer(815301076,1909f56bfc062723c751e8b465ee728b)  -> (artifact id: '63037396b612970822b950f456a32c64') in 0.011874 seconds 
  Import took 0.019270 seconds .

========================================================================
Received Import Request.
  Time since last request: 27.446904 seconds.
  path: Assets/Resource
  artifactKey: Guid(741e30a83c3171e40bd2597336becfb8) Importer(815301076,1909f56bfc062723c751e8b465ee728b)
Start importing Assets/Resource using Guid(741e30a83c3171e40bd2597336becfb8) Importer(815301076,1909f56bfc062723c751e8b465ee728b)  -> (artifact id: '9e4cdabff1d650a17f5f512130c06ba3') in 0.003564 seconds 
  Import took 0.010031 seconds .

========================================================================
Received Import Request.
  Time since last request: 3.033885 seconds.
  path: Assets/Resource/Shader
  artifactKey: Guid(9dd80d051cdfe264da38a303651f944a) Importer(815301076,1909f56bfc062723c751e8b465ee728b)
Start importing Assets/Resource/Shader using Guid(9dd80d051cdfe264da38a303651f944a) Importer(815301076,1909f56bfc062723c751e8b465ee728b)  -> (artifact id: '100f8172f62b644b687d15e02ad3928e') in 0.003518 seconds 
  Import took 0.008979 seconds .

========================================================================
Received Import Request.
  Time since last request: 16.483494 seconds.
  path: Assets/Resource/Shader/New Shader Graph.shadergraph
  artifactKey: Guid(c1434c9c1bdb3e3488f3ce1fac3cda32) Importer(815301076,1909f56bfc062723c751e8b465ee728b)
Start importing Assets/Resource/Shader/New Shader Graph.shadergraph using Guid(c1434c9c1bdb3e3488f3ce1fac3cda32) Importer(815301076,1909f56bfc062723c751e8b465ee728b)  -> (artifact id: '07d43b58e74e7c6fdfe17ad1ef961d1f') in 0.007268 seconds 
  Import took 0.012520 seconds .

========================================================================
Received Import Request.
  Time since last request: 227.736780 seconds.
  path: Assets/Scripts/InGame/Player.cs
  artifactKey: Guid(04b50597ad4de524088b8c0dac8a1b21) Importer(815301076,1909f56bfc062723c751e8b465ee728b)
Start importing Assets/Scripts/InGame/Player.cs using Guid(04b50597ad4de524088b8c0dac8a1b21) Importer(815301076,1909f56bfc062723c751e8b465ee728b)  -> (artifact id: '1e6b94a97bff6ff9671d1df76ef67ab1') in 0.007632 seconds 
  Import took 0.012953 seconds .

========================================================================
Received Import Request.
  Time since last request: 184.171379 seconds.
  path: Assets/Resource/LJH/WOOD_N.png
  artifactKey: Guid(fce09fe24067b894aac24196b50d7076) Importer(815301076,1909f56bfc062723c751e8b465ee728b)
Start importing Assets/Resource/LJH/WOOD_N.png using Guid(fce09fe24067b894aac24196b50d7076) Importer(815301076,1909f56bfc062723c751e8b465ee728b)  -> (artifact id: '2e1d6e2be92ca336764b44c443c720c2') in 0.011493 seconds 
  Import took 0.017541 seconds .

========================================================================
Received Import Request.
  Time since last request: 3.112062 seconds.
  path: Assets/Resource/LJH/WOOD_N.png
  artifactKey: Guid(fce09fe24067b894aac24196b50d7076) Importer(815301076,1909f56bfc062723c751e8b465ee728b)
Start importing Assets/Resource/LJH/WOOD_N.png using Guid(fce09fe24067b894aac24196b50d7076) Importer(815301076,1909f56bfc062723c751e8b465ee728b)  -> (artifact id: '7f164f71c2792bb111f7757569eda6f2') in 0.013386 seconds 
  Import took 0.018184 seconds .

========================================================================
Received Import Request.
  Time since last request: 17.824464 seconds.
  path: Assets/Resource/LJH/GRASS_N.png
  artifactKey: Guid(144fb9d8145a83248a2ac6d036e9fc7b) Importer(815301076,1909f56bfc062723c751e8b465ee728b)
Start importing Assets/Resource/LJH/GRASS_N.png using Guid(144fb9d8145a83248a2ac6d036e9fc7b) Importer(815301076,1909f56bfc062723c751e8b465ee728b)  -> (artifact id: '725c8f9586255eb3e69f8a25fa5f4107') in 0.011251 seconds 
  Import took 0.016716 seconds .

========================================================================
Received Import Request.
  Time since last request: 61.874696 seconds.
  path: Assets/Resources
  artifactKey: Guid(af9307ec8ef21dc45bdfd2afbecf6d4e) Importer(815301076,1909f56bfc062723c751e8b465ee728b)
Start importing Assets/Resources using Guid(af9307ec8ef21dc45bdfd2afbecf6d4e) Importer(815301076,1909f56bfc062723c751e8b465ee728b)  -> (artifact id: 'c0e9bbbbf2a2186416e1d32ea5fcfc44') in 0.004415 seconds 
  Import took 0.011913 seconds .

========================================================================
Received Prepare
Registering precompiled user dll's ...
Registered in 0.006344 seconds.
Begin MonoManager ReloadAssembly
Native extension for WindowsStandalone target not found
Refreshing native plugins compatible for Editor in 0.51 ms, found 2 plugins.
Preloading 0 native plugins for Editor in 0.00 ms.
Mono: successfully reloaded assembly
- Completed reload, in  1.092 seconds
Domain Reload Profiling:
	ReloadAssembly (1092ms)
		BeginReloadAssembly (128ms)
			ExecutionOrderSort (0ms)
			DisableScriptedObjects (8ms)
			BackupInstance (0ms)
			ReleaseScriptingObjects (0ms)
			CreateAndSetChildDomain (33ms)
		EndReloadAssembly (903ms)
			LoadAssemblies (100ms)
			RebuildTransferFunctionScriptingTraits (0ms)
			SetupTypeCache (313ms)
			ReleaseScriptCaches (2ms)
			RebuildScriptCaches (43ms)
			SetupLoadedEditorAssemblies (310ms)
				LogAssemblyErrors (0ms)
				InitializePlatformSupportModulesInManaged (4ms)
				SetLoadedEditorAssemblies (0ms)
				RefreshPlugins (1ms)
				BeforeProcessingInitializeOnLoad (83ms)
				ProcessInitializeOnLoadAttributes (212ms)
				ProcessInitializeOnLoadMethodAttributes (4ms)
				AfterProcessingInitializeOnLoad (6ms)
				EditorAssembliesLoaded (0ms)
			ExecutionOrderSort2 (0ms)
			AwakeInstancesAfterBackupRestoration (15ms)
Platform modules already initialized, skipping
Refreshing native plugins compatible for Editor in 0.79 ms, found 2 plugins.
Preloading 0 native plugins for Editor in 0.00 ms.
Unloading 2626 Unused Serialized files (Serialized files now loaded: 0)
System memory in use before: 124.7 MB.
System memory in use after: 125.0 MB.

Unloading 15 unused Assets to reduce memory usage. Loaded Objects now: 3226.
Total: 3.932360 ms (FindLiveObjects: 0.280625 ms CreateObjectMapping: 0.163448 ms MarkObjects: 3.454636 ms  DeleteObjects: 0.031548 ms)

AssetImportParameters requested are different than current active one (requested -> active):
  custom:framework-win-MediaFoundation: 216162199b28c13a410421893ffa2e32 -> 
  custom:video-decoder-ogg-theora: a1e56fd34408186e4bbccfd4996cb3dc -> 
  custom:container-muxer-webm: aa71ff27fc2769a1b78a27578f13a17b -> 
  custom:container-demuxer-webm: 4f35f7cbe854078d1ac9338744f61a02 -> 
  custom:container-demuxer-ogg: 62fdf1f143b41e24485cea50d1cbac27 -> 
  custom:video-encoder-webm-vp8: eb34c28f22e8b96e1ab97ce403110664 -> 
  custom:video-decoder-webm-vp8: 9c59270c3fd7afecdb556c50c9e8de78 -> 
  custom:audio-decoder-ogg-vorbis: bf7c407c2cedff20999df2af8eb42d56 -> 
  custom:audio-encoder-webm-vorbis: bf7c407c2cedff20999df2af8eb42d56 -> 
========================================================================
Received Prepare
Registering precompiled user dll's ...
Registered in 0.006127 seconds.
Begin MonoManager ReloadAssembly
Native extension for WindowsStandalone target not found
Refreshing native plugins compatible for Editor in 0.52 ms, found 2 plugins.
Preloading 0 native plugins for Editor in 0.00 ms.
Mono: successfully reloaded assembly
- Completed reload, in  1.101 seconds
Domain Reload Profiling:
	ReloadAssembly (1101ms)
		BeginReloadAssembly (115ms)
			ExecutionOrderSort (0ms)
			DisableScriptedObjects (6ms)
			BackupInstance (0ms)
			ReleaseScriptingObjects (0ms)
			CreateAndSetChildDomain (34ms)
		EndReloadAssembly (922ms)
			LoadAssemblies (112ms)
			RebuildTransferFunctionScriptingTraits (0ms)
			SetupTypeCache (320ms)
			ReleaseScriptCaches (1ms)
			RebuildScriptCaches (40ms)
			SetupLoadedEditorAssemblies (323ms)
				LogAssemblyErrors (0ms)
				InitializePlatformSupportModulesInManaged (4ms)
				SetLoadedEditorAssemblies (1ms)
				RefreshPlugins (1ms)
				BeforeProcessingInitializeOnLoad (78ms)
				ProcessInitializeOnLoadAttributes (228ms)
				ProcessInitializeOnLoadMethodAttributes (4ms)
				AfterProcessingInitializeOnLoad (6ms)
				EditorAssembliesLoaded (0ms)
			ExecutionOrderSort2 (0ms)
			AwakeInstancesAfterBackupRestoration (15ms)
Platform modules already initialized, skipping
Refreshing native plugins compatible for Editor in 0.54 ms, found 2 plugins.
Preloading 0 native plugins for Editor in 0.00 ms.
Unloading 2626 Unused Serialized files (Serialized files now loaded: 0)
System memory in use before: 124.8 MB.
System memory in use after: 125.0 MB.

Unloading 15 unused Assets to reduce memory usage. Loaded Objects now: 3228.
Total: 4.180837 ms (FindLiveObjects: 0.347326 ms CreateObjectMapping: 0.210319 ms MarkObjects: 3.592545 ms  DeleteObjects: 0.029745 ms)

AssetImportParameters requested are different than current active one (requested -> active):
  custom:framework-win-MediaFoundation: 216162199b28c13a410421893ffa2e32 -> 
  custom:video-decoder-ogg-theora: a1e56fd34408186e4bbccfd4996cb3dc -> 
  custom:container-muxer-webm: aa71ff27fc2769a1b78a27578f13a17b -> 
  custom:container-demuxer-webm: 4f35f7cbe854078d1ac9338744f61a02 -> 
  custom:container-demuxer-ogg: 62fdf1f143b41e24485cea50d1cbac27 -> 
  custom:video-encoder-webm-vp8: eb34c28f22e8b96e1ab97ce403110664 -> 
  custom:video-decoder-webm-vp8: 9c59270c3fd7afecdb556c50c9e8de78 -> 
  custom:audio-decoder-ogg-vorbis: bf7c407c2cedff20999df2af8eb42d56 -> 
  custom:audio-encoder-webm-vorbis: bf7c407c2cedff20999df2af8eb42d56 -> 
========================================================================
Received Prepare
Registering precompiled user dll's ...
Registered in 0.006316 seconds.
Begin MonoManager ReloadAssembly
Native extension for WindowsStandalone target not found
Refreshing native plugins compatible for Editor in 0.63 ms, found 2 plugins.
Preloading 0 native plugins for Editor in 0.00 ms.
Mono: successfully reloaded assembly
- Completed reload, in  1.194 seconds
Domain Reload Profiling:
	ReloadAssembly (1194ms)
		BeginReloadAssembly (137ms)
			ExecutionOrderSort (0ms)
			DisableScriptedObjects (4ms)
			BackupInstance (0ms)
			ReleaseScriptingObjects (0ms)
			CreateAndSetChildDomain (41ms)
		EndReloadAssembly (985ms)
			LoadAssemblies (127ms)
			RebuildTransferFunctionScriptingTraits (0ms)
			SetupTypeCache (361ms)
			ReleaseScriptCaches (1ms)
			RebuildScriptCaches (40ms)
			SetupLoadedEditorAssemblies (331ms)
				LogAssemblyErrors (0ms)
				InitializePlatformSupportModulesInManaged (5ms)
				SetLoadedEditorAssemblies (1ms)
				RefreshPlugins (1ms)
				BeforeProcessingInitializeOnLoad (95ms)
				ProcessInitializeOnLoadAttributes (219ms)
				ProcessInitializeOnLoadMethodAttributes (4ms)
				AfterProcessingInitializeOnLoad (6ms)
				EditorAssembliesLoaded (0ms)
			ExecutionOrderSort2 (0ms)
			AwakeInstancesAfterBackupRestoration (16ms)
Platform modules already initialized, skipping
Refreshing native plugins compatible for Editor in 0.57 ms, found 2 plugins.
Preloading 0 native plugins for Editor in 0.00 ms.
Unloading 2626 Unused Serialized files (Serialized files now loaded: 0)
System memory in use before: 124.8 MB.
System memory in use after: 125.0 MB.

Unloading 15 unused Assets to reduce memory usage. Loaded Objects now: 3230.
Total: 3.452833 ms (FindLiveObjects: 0.328999 ms CreateObjectMapping: 0.160744 ms MarkObjects: 2.937552 ms  DeleteObjects: 0.024337 ms)

AssetImportParameters requested are different than current active one (requested -> active):
  custom:framework-win-MediaFoundation: 216162199b28c13a410421893ffa2e32 -> 
  custom:video-decoder-ogg-theora: a1e56fd34408186e4bbccfd4996cb3dc -> 
  custom:container-muxer-webm: aa71ff27fc2769a1b78a27578f13a17b -> 
  custom:container-demuxer-webm: 4f35f7cbe854078d1ac9338744f61a02 -> 
  custom:container-demuxer-ogg: 62fdf1f143b41e24485cea50d1cbac27 -> 
  custom:video-encoder-webm-vp8: eb34c28f22e8b96e1ab97ce403110664 -> 
  custom:video-decoder-webm-vp8: 9c59270c3fd7afecdb556c50c9e8de78 -> 
  custom:audio-decoder-ogg-vorbis: bf7c407c2cedff20999df2af8eb42d56 -> 
  custom:audio-encoder-webm-vorbis: bf7c407c2cedff20999df2af8eb42d56 -> 
AssetImportWorkerClient::OnTransportError - code=2 error=End of file
